2024-03-15 00:45:30 script started
2024-03-15 00:45:30 working dir /home/jpl/code/setu/aosn/assignment
2024-03-15 00:45:30 created folder 20240315
2024-03-15 00:45:30 Added file file1 to folder 20240315
2024-03-15 00:45:30 Added file file2 to folder 20240315
2024-03-15 00:45:30 Added file file3 to folder 20240315
2024-03-15 00:45:30 Added file file4 to folder 20240315
2024-03-15 00:45:30 End of job
2024-03-15 01:18:21 script started
2024-03-15 01:18:21 working dir /home/jpl/code/setu/aosn/assignment
2024-03-15 01:18:21 using previously created folder 20240315
2024-03-15 01:18:21 file1 ignored already in 20240315
2024-03-15 01:18:21 file2 ignored already in 20240315
2024-03-15 01:18:21 file3 ignored already in 20240315
2024-03-15 01:18:21 file4 ignored already in 20240315
2024-03-15 01:18:21 End of job
2024-03-15 01:18:35 script started
2024-03-15 01:18:35 working dir /home/jpl/code/setu/aosn/assignment
2024-03-15 01:18:35 using previously created folder 20240315
2024-03-15 01:18:35 Added file * to folder 20240315
2024-03-15 01:18:35 End of job
2024-03-15 01:18:48 script started
2024-03-15 01:18:48 working dir /home/jpl/code/setu/aosn/assignment
2024-03-15 01:18:48 using previously created folder 20240315
2024-03-15 01:18:48 Added file * to folder 20240315
2024-03-15 01:18:48 End of job
2024-03-15 01:18:49 script started
2024-03-15 01:18:49 working dir /home/jpl/code/setu/aosn/assignment
2024-03-15 01:18:49 using previously created folder 20240315
2024-03-15 01:18:49 Added file * to folder 20240315
2024-03-15 01:18:49 End of job
2024-03-15 01:18:49 script started
2024-03-15 01:18:49 working dir /home/jpl/code/setu/aosn/assignment
2024-03-15 01:18:49 using previously created folder 20240315
2024-03-15 01:18:49 Added file * to folder 20240315
2024-03-15 01:18:49 End of job
